{"/Users/wescopeland/Documents/github/retroachievements-nodejs-api/src/index.ts": {"path":"/Users/wescopeland/Documents/github/retroachievements-nodejs-api/src/index.ts","statementMap":{"0":{"start":{"line":2,"column":0},"end":{"line":2,"column":9}},"1":{"start":{"line":2,"column":9},"end":{"line":2,"column":70}}},"fnMap":{"0":{"name":"(anonymous_0)","decl":{"start":{"line":2,"column":9},"end":{"line":2,"column":32}},"loc":{"start":{"line":2,"column":9},"end":{"line":2,"column":70}}}},"branchMap":{},"s":{"0":0,"1":0},"f":{"0":0},"b":{}}
,"/Users/wescopeland/Documents/github/retroachievements-nodejs-api/src/retro-achievements-client.ts": {"path":"/Users/wescopeland/Documents/github/retroachievements-nodejs-api/src/retro-achievements-client.ts","statementMap":{"0":{"start":{"line":1,"column":0},"end":{"line":1,"column":28}},"1":{"start":{"line":2,"column":0},"end":{"line":2,"column":32}},"2":{"start":{"line":6,"column":0},"end":{"line":6,"column":13}},"3":{"start":{"line":9,"column":22},"end":{"line":9,"column":38}},"4":{"start":{"line":9,"column":48},"end":{"line":9,"column":62}},"5":{"start":{"line":7,"column":10},"end":{"line":7,"column":56}},"6":{"start":{"line":11,"column":8},"end":{"line":30,"column":null}},"7":{"start":{"line":12,"column":10},"end":{"line":14,"column":7}},"8":{"start":{"line":17,"column":27},"end":{"line":17,"column":null}},"9":{"start":{"line":17,"column":12},"end":{"line":17,"column":null}},"10":{"start":{"line":18,"column":28},"end":{"line":18,"column":83}},"11":{"start":{"line":18,"column":12},"end":{"line":18,"column":null}},"12":{"start":{"line":20,"column":6},"end":{"line":23,"column":10}},"13":{"start":{"line":20,"column":46},"end":{"line":23,"column":9}},"14":{"start":{"line":25,"column":6},"end":{"line":28,"column":8}},"15":{"start":{"line":32,"column":8},"end":{"line":59,"column":null}},"16":{"start":{"line":35,"column":10},"end":{"line":38,"column":7}},"17":{"start":{"line":41,"column":27},"end":{"line":41,"column":null}},"18":{"start":{"line":41,"column":12},"end":{"line":41,"column":null}},"19":{"start":{"line":42,"column":28},"end":{"line":42,"column":88}},"20":{"start":{"line":42,"column":12},"end":{"line":42,"column":null}},"21":{"start":{"line":44,"column":6},"end":{"line":46,"column":null}},"22":{"start":{"line":45,"column":8},"end":{"line":45,"column":31}},"23":{"start":{"line":48,"column":6},"end":{"line":52,"column":8}},"24":{"start":{"line":54,"column":6},"end":{"line":57,"column":8}},"25":{"start":{"line":61,"column":8},"end":{"line":80,"column":null}},"26":{"start":{"line":64,"column":10},"end":{"line":67,"column":7}},"27":{"start":{"line":70,"column":27},"end":{"line":70,"column":null}},"28":{"start":{"line":70,"column":12},"end":{"line":70,"column":null}},"29":{"start":{"line":71,"column":28},"end":{"line":71,"column":80}},"30":{"start":{"line":71,"column":12},"end":{"line":71,"column":null}},"31":{"start":{"line":73,"column":6},"end":{"line":73,"column":75}},"32":{"start":{"line":75,"column":6},"end":{"line":78,"column":8}},"33":{"start":{"line":82,"column":8},"end":{"line":116,"column":null}},"34":{"start":{"line":85,"column":10},"end":{"line":88,"column":7}},"35":{"start":{"line":91,"column":27},"end":{"line":91,"column":null}},"36":{"start":{"line":91,"column":12},"end":{"line":91,"column":null}},"37":{"start":{"line":92,"column":28},"end":{"line":92,"column":88}},"38":{"start":{"line":92,"column":12},"end":{"line":92,"column":null}},"39":{"start":{"line":94,"column":6},"end":{"line":108,"column":null}},"40":{"start":{"line":111,"column":6},"end":{"line":114,"column":8}},"41":{"start":{"line":118,"column":8},"end":{"line":143,"column":null}},"42":{"start":{"line":121,"column":10},"end":{"line":124,"column":7}},"43":{"start":{"line":127,"column":27},"end":{"line":127,"column":null}},"44":{"start":{"line":127,"column":12},"end":{"line":127,"column":null}},"45":{"start":{"line":128,"column":28},"end":{"line":128,"column":88}},"46":{"start":{"line":128,"column":12},"end":{"line":128,"column":null}},"47":{"start":{"line":130,"column":6},"end":{"line":136,"column":10}},"48":{"start":{"line":130,"column":51},"end":{"line":136,"column":9}},"49":{"start":{"line":138,"column":6},"end":{"line":141,"column":8}},"50":{"start":{"line":145,"column":8},"end":{"line":165,"column":null}},"51":{"start":{"line":146,"column":10},"end":{"line":148,"column":7}},"52":{"start":{"line":151,"column":27},"end":{"line":151,"column":null}},"53":{"start":{"line":151,"column":12},"end":{"line":151,"column":null}},"54":{"start":{"line":152,"column":28},"end":{"line":152,"column":84}},"55":{"start":{"line":152,"column":12},"end":{"line":152,"column":null}},"56":{"start":{"line":154,"column":6},"end":{"line":158,"column":10}},"57":{"start":{"line":154,"column":41},"end":{"line":158,"column":9}},"58":{"start":{"line":160,"column":6},"end":{"line":163,"column":8}},"59":{"start":{"line":167,"column":10},"end":{"line":172,"column":null}},"60":{"start":{"line":168,"column":4},"end":{"line":171,"column":6}},"61":{"start":{"line":174,"column":10},"end":{"line":198,"column":null}},"62":{"start":{"line":177,"column":51},"end":{"line":177,"column":53}},"63":{"start":{"line":179,"column":4},"end":{"line":195,"column":null}},"64":{"start":{"line":179,"column":38},"end":{"line":179,"column":44}},"65":{"start":{"line":179,"column":38},"end":{"line":179,"column":69}},"66":{"start":{"line":179,"column":15},"end":{"line":179,"column":16}},"67":{"start":{"line":179,"column":17},"end":{"line":179,"column":19}},"68":{"start":{"line":179,"column":33},"end":{"line":179,"column":34}},"69":{"start":{"line":180,"column":6},"end":{"line":194,"column":9}},"70":{"start":{"line":197,"column":4},"end":{"line":197,"column":24}},"71":{"start":{"line":200,"column":10},"end":{"line":221,"column":null}},"72":{"start":{"line":203,"column":4},"end":{"line":220,"column":6}},"73":{"start":{"line":222,"column":0},"end":{"line":222,"column":null}},"74":{"start":{"line":6,"column":13},"end":{"line":6,"column":36}}},"fnMap":{"0":{"name":"(anonymous_0)","decl":{"start":{"line":6,"column":0},"end":{"line":6,"column":13}},"loc":{"start":{"line":6,"column":0},"end":{"line":222,"column":null}}},"1":{"name":"RetroAchievementsClient","decl":{"start":{"line":9,"column":2},"end":{"line":9,"column":22}},"loc":{"start":{"line":9,"column":62},"end":{"line":9,"column":66}}},"2":{"name":"(anonymous_2)","decl":{"start":{"line":11,"column":2},"end":{"line":11,"column":8}},"loc":{"start":{"line":11,"column":2},"end":{"line":30,"column":null}}},"3":{"name":"(anonymous_5)","decl":{"start":{"line":20,"column":30},"end":{"line":20,"column":42}},"loc":{"start":{"line":20,"column":42},"end":{"line":20,"column":47}}},"4":{"name":"(anonymous_6)","decl":{"start":{"line":32,"column":2},"end":{"line":32,"column":8}},"loc":{"start":{"line":33,"column":20},"end":{"line":59,"column":null}}},"5":{"name":"(anonymous_9)","decl":{"start":{"line":61,"column":2},"end":{"line":61,"column":8}},"loc":{"start":{"line":62,"column":18},"end":{"line":80,"column":null}}},"6":{"name":"(anonymous_12)","decl":{"start":{"line":82,"column":2},"end":{"line":82,"column":8}},"loc":{"start":{"line":83,"column":18},"end":{"line":116,"column":null}}},"7":{"name":"(anonymous_15)","decl":{"start":{"line":118,"column":2},"end":{"line":118,"column":8}},"loc":{"start":{"line":119,"column":21},"end":{"line":143,"column":null}}},"8":{"name":"(anonymous_18)","decl":{"start":{"line":130,"column":30},"end":{"line":130,"column":47}},"loc":{"start":{"line":130,"column":47},"end":{"line":130,"column":52}}},"9":{"name":"(anonymous_19)","decl":{"start":{"line":145,"column":2},"end":{"line":145,"column":8}},"loc":{"start":{"line":145,"column":2},"end":{"line":165,"column":null}}},"10":{"name":"(anonymous_22)","decl":{"start":{"line":154,"column":30},"end":{"line":154,"column":37}},"loc":{"start":{"line":154,"column":37},"end":{"line":154,"column":42}}},"11":{"name":"(anonymous_23)","decl":{"start":{"line":167,"column":2},"end":{"line":167,"column":10}},"loc":{"start":{"line":167,"column":2},"end":{"line":172,"column":3}}},"12":{"name":"(anonymous_24)","decl":{"start":{"line":174,"column":2},"end":{"line":174,"column":10}},"loc":{"start":{"line":176,"column":3},"end":{"line":198,"column":3}}},"13":{"name":"(anonymous_25)","decl":{"start":{"line":200,"column":2},"end":{"line":200,"column":10}},"loc":{"start":{"line":201,"column":68},"end":{"line":221,"column":3}}}},"branchMap":{"0":{"loc":{"start":{"line":44,"column":6},"end":{"line":46,"column":null}},"type":"if","locations":[{"start":{"line":44,"column":6},"end":{"line":46,"column":null}},{"start":{"line":44,"column":6},"end":{"line":46,"column":null}}]},"1":{"loc":{"start":{"line":98,"column":30},"end":{"line":98,"column":53}},"type":"cond-expr","locations":[{"start":{"line":98,"column":30},"end":{"line":98,"column":53}},{"start":{"line":98,"column":56},"end":{"line":98,"column":65}}]},"2":{"loc":{"start":{"line":99,"column":29},"end":{"line":99,"column":31}},"type":"cond-expr","locations":[{"start":{"line":99,"column":29},"end":{"line":99,"column":31}},{"start":{"line":99,"column":17},"end":{"line":99,"column":38}}]},"3":{"loc":{"start":{"line":99,"column":17},"end":{"line":99,"column":31}},"type":"binary-expr","locations":[{"start":{"line":99,"column":17},"end":{"line":99,"column":31}},{"start":{"line":99,"column":17},"end":{"line":99,"column":31}}]},"4":{"loc":{"start":{"line":101,"column":12},"end":{"line":101,"column":48}},"type":"cond-expr","locations":[{"start":{"line":101,"column":12},"end":{"line":101,"column":48}},{"start":{"line":102,"column":12},"end":{"line":102,"column":21}}]},"5":{"loc":{"start":{"line":104,"column":12},"end":{"line":104,"column":57}},"type":"cond-expr","locations":[{"start":{"line":104,"column":12},"end":{"line":104,"column":57}},{"start":{"line":105,"column":12},"end":{"line":105,"column":21}}]},"6":{"loc":{"start":{"line":107,"column":12},"end":{"line":107,"column":59}},"type":"cond-expr","locations":[{"start":{"line":107,"column":12},"end":{"line":107,"column":59}},{"start":{"line":108,"column":12},"end":{"line":108,"column":21}}]},"7":{"loc":{"start":{"line":205,"column":37},"end":{"line":205,"column":62}},"type":"cond-expr","locations":[{"start":{"line":205,"column":37},"end":{"line":205,"column":62}},{"start":{"line":205,"column":65},"end":{"line":205,"column":69}}]},"8":{"loc":{"start":{"line":207,"column":43},"end":{"line":207,"column":71}},"type":"cond-expr","locations":[{"start":{"line":207,"column":43},"end":{"line":207,"column":71}},{"start":{"line":207,"column":74},"end":{"line":207,"column":78}}]},"9":{"loc":{"start":{"line":208,"column":20},"end":{"line":208,"column":22}},"type":"cond-expr","locations":[{"start":{"line":208,"column":20},"end":{"line":208,"column":22}},{"start":{"line":208,"column":13},"end":{"line":208,"column":27}}]},"10":{"loc":{"start":{"line":208,"column":13},"end":{"line":208,"column":22}},"type":"binary-expr","locations":[{"start":{"line":208,"column":13},"end":{"line":208,"column":22}},{"start":{"line":208,"column":13},"end":{"line":208,"column":22}}]},"11":{"loc":{"start":{"line":209,"column":26},"end":{"line":209,"column":28}},"type":"cond-expr","locations":[{"start":{"line":209,"column":26},"end":{"line":209,"column":28}},{"start":{"line":209,"column":19},"end":{"line":209,"column":39}}]},"12":{"loc":{"start":{"line":209,"column":19},"end":{"line":209,"column":28}},"type":"binary-expr","locations":[{"start":{"line":209,"column":19},"end":{"line":209,"column":28}},{"start":{"line":209,"column":19},"end":{"line":209,"column":28}}]},"13":{"loc":{"start":{"line":210,"column":29},"end":{"line":210,"column":50}},"type":"cond-expr","locations":[{"start":{"line":210,"column":29},"end":{"line":210,"column":50}},{"start":{"line":210,"column":53},"end":{"line":210,"column":57}}]},"14":{"loc":{"start":{"line":211,"column":24},"end":{"line":211,"column":26}},"type":"cond-expr","locations":[{"start":{"line":211,"column":24},"end":{"line":211,"column":26}},{"start":{"line":211,"column":17},"end":{"line":211,"column":35}}]},"15":{"loc":{"start":{"line":211,"column":17},"end":{"line":211,"column":26}},"type":"binary-expr","locations":[{"start":{"line":211,"column":17},"end":{"line":211,"column":26}},{"start":{"line":211,"column":17},"end":{"line":211,"column":26}}]},"16":{"loc":{"start":{"line":212,"column":23},"end":{"line":212,"column":25}},"type":"cond-expr","locations":[{"start":{"line":212,"column":23},"end":{"line":212,"column":25}},{"start":{"line":212,"column":16},"end":{"line":212,"column":33}}]},"17":{"loc":{"start":{"line":212,"column":16},"end":{"line":212,"column":25}},"type":"binary-expr","locations":[{"start":{"line":212,"column":16},"end":{"line":212,"column":25}},{"start":{"line":212,"column":16},"end":{"line":212,"column":25}}]},"18":{"loc":{"start":{"line":213,"column":25},"end":{"line":213,"column":27}},"type":"cond-expr","locations":[{"start":{"line":213,"column":25},"end":{"line":213,"column":27}},{"start":{"line":213,"column":18},"end":{"line":213,"column":37}}]},"19":{"loc":{"start":{"line":213,"column":18},"end":{"line":213,"column":27}},"type":"binary-expr","locations":[{"start":{"line":213,"column":18},"end":{"line":213,"column":27}},{"start":{"line":213,"column":18},"end":{"line":213,"column":27}}]},"20":{"loc":{"start":{"line":214,"column":26},"end":{"line":214,"column":28}},"type":"cond-expr","locations":[{"start":{"line":214,"column":26},"end":{"line":214,"column":28}},{"start":{"line":214,"column":19},"end":{"line":214,"column":39}}]},"21":{"loc":{"start":{"line":214,"column":19},"end":{"line":214,"column":28}},"type":"binary-expr","locations":[{"start":{"line":214,"column":19},"end":{"line":214,"column":28}},{"start":{"line":214,"column":19},"end":{"line":214,"column":28}}]},"22":{"loc":{"start":{"line":215,"column":26},"end":{"line":215,"column":28}},"type":"cond-expr","locations":[{"start":{"line":215,"column":26},"end":{"line":215,"column":28}},{"start":{"line":215,"column":19},"end":{"line":215,"column":39}}]},"23":{"loc":{"start":{"line":215,"column":19},"end":{"line":215,"column":28}},"type":"binary-expr","locations":[{"start":{"line":215,"column":19},"end":{"line":215,"column":28}},{"start":{"line":215,"column":19},"end":{"line":215,"column":28}}]},"24":{"loc":{"start":{"line":216,"column":24},"end":{"line":216,"column":26}},"type":"cond-expr","locations":[{"start":{"line":216,"column":24},"end":{"line":216,"column":26}},{"start":{"line":216,"column":17},"end":{"line":216,"column":35}}]},"25":{"loc":{"start":{"line":216,"column":17},"end":{"line":216,"column":26}},"type":"binary-expr","locations":[{"start":{"line":216,"column":17},"end":{"line":216,"column":26}},{"start":{"line":216,"column":17},"end":{"line":216,"column":26}}]},"26":{"loc":{"start":{"line":217,"column":24},"end":{"line":217,"column":26}},"type":"cond-expr","locations":[{"start":{"line":217,"column":24},"end":{"line":217,"column":26}},{"start":{"line":217,"column":17},"end":{"line":217,"column":35}}]},"27":{"loc":{"start":{"line":217,"column":17},"end":{"line":217,"column":26}},"type":"binary-expr","locations":[{"start":{"line":217,"column":17},"end":{"line":217,"column":26}},{"start":{"line":217,"column":17},"end":{"line":217,"column":26}}]},"28":{"loc":{"start":{"line":218,"column":20},"end":{"line":218,"column":22}},"type":"cond-expr","locations":[{"start":{"line":218,"column":20},"end":{"line":218,"column":22}},{"start":{"line":218,"column":13},"end":{"line":218,"column":27}}]},"29":{"loc":{"start":{"line":218,"column":13},"end":{"line":218,"column":22}},"type":"binary-expr","locations":[{"start":{"line":218,"column":13},"end":{"line":218,"column":22}},{"start":{"line":218,"column":13},"end":{"line":218,"column":22}}]},"30":{"loc":{"start":{"line":219,"column":35},"end":{"line":219,"column":61}},"type":"cond-expr","locations":[{"start":{"line":219,"column":35},"end":{"line":219,"column":61}},{"start":{"line":219,"column":64},"end":{"line":219,"column":73}}]}},"s":{"0":1,"1":1,"2":1,"3":5,"4":5,"5":5,"6":1,"7":1,"8":1,"9":1,"10":1,"11":1,"12":1,"13":2,"14":0,"15":1,"16":2,"17":2,"18":2,"19":2,"20":2,"21":2,"22":1,"23":1,"24":1,"25":1,"26":1,"27":1,"28":1,"29":1,"30":1,"31":1,"32":0,"33":1,"34":0,"35":0,"36":0,"37":0,"38":0,"39":0,"40":0,"41":1,"42":0,"43":0,"44":0,"45":0,"46":0,"47":0,"48":0,"49":0,"50":1,"51":0,"52":0,"53":0,"54":0,"55":0,"56":0,"57":0,"58":0,"59":1,"60":4,"61":1,"62":0,"63":0,"64":0,"65":0,"66":0,"67":0,"68":0,"69":0,"70":0,"71":1,"72":1,"73":1,"74":1},"f":{"0":1,"1":5,"2":1,"3":2,"4":2,"5":1,"6":0,"7":0,"8":0,"9":0,"10":0,"11":4,"12":0,"13":1},"b":{"0":[1,1],"1":[0,0],"2":[0,0],"3":[0,0],"4":[0,0],"5":[0,0],"6":[0,0],"7":[1,0],"8":[1,0],"9":[0,1],"10":[1,1],"11":[0,1],"12":[1,1],"13":[0,1],"14":[0,1],"15":[1,1],"16":[0,1],"17":[1,1],"18":[0,1],"19":[1,1],"20":[0,1],"21":[1,1],"22":[0,1],"23":[1,1],"24":[0,1],"25":[1,1],"26":[0,1],"27":[1,1],"28":[0,1],"29":[1,1],"30":[1,0]}}
,"/Users/wescopeland/Documents/github/retroachievements-nodejs-api/src/models/index.ts": {"path":"/Users/wescopeland/Documents/github/retroachievements-nodejs-api/src/models/index.ts","statementMap":{"0":{"start":{"line":1,"column":0},"end":{"line":1,"column":40}},"1":{"start":{"line":2,"column":0},"end":{"line":2,"column":39}},"2":{"start":{"line":3,"column":0},"end":{"line":3,"column":38}},"3":{"start":{"line":4,"column":0},"end":{"line":4,"column":47}},"4":{"start":{"line":5,"column":0},"end":{"line":5,"column":45}},"5":{"start":{"line":6,"column":0},"end":{"line":6,"column":41}},"6":{"start":{"line":7,"column":0},"end":{"line":7,"column":48}},"7":{"start":{"line":9,"column":0},"end":{"line":9,"column":36}},"8":{"start":{"line":10,"column":0},"end":{"line":10,"column":35}},"9":{"start":{"line":11,"column":0},"end":{"line":11,"column":34}},"10":{"start":{"line":12,"column":0},"end":{"line":12,"column":43}},"11":{"start":{"line":13,"column":0},"end":{"line":13,"column":41}},"12":{"start":{"line":14,"column":0},"end":{"line":14,"column":37}},"13":{"start":{"line":15,"column":0},"end":{"line":15,"column":44}}},"fnMap":{},"branchMap":{},"s":{"0":0,"1":0,"2":0,"3":0,"4":0,"5":0,"6":0,"7":0,"8":0,"9":0,"10":0,"11":0,"12":0,"13":0},"f":{},"b":{}}
}
