TN:
SF:src/index.ts
FN:2,(anonymous_0)
FNF:1
FNH:0
FNDA:0,(anonymous_0)
DA:2,0
LF:1
LH:0
BRF:0
BRH:0
end_of_record
TN:
SF:src/retro-achievements-client.ts
FN:6,(anonymous_0)
FN:9,RetroAchievementsClient
FN:11,(anonymous_2)
FN:20,(anonymous_5)
FN:32,(anonymous_6)
FN:61,(anonymous_9)
FN:82,(anonymous_12)
FN:118,(anonymous_15)
FN:130,(anonymous_18)
FN:145,(anonymous_19)
FN:154,(anonymous_22)
FN:167,(anonymous_23)
FN:174,(anonymous_24)
FN:200,(anonymous_25)
FNF:14
FNH:8
FNDA:1,(anonymous_0)
FNDA:5,RetroAchievementsClient
FNDA:1,(anonymous_2)
FNDA:2,(anonymous_5)
FNDA:2,(anonymous_6)
FNDA:1,(anonymous_9)
FNDA:0,(anonymous_12)
FNDA:0,(anonymous_15)
FNDA:0,(anonymous_18)
FNDA:0,(anonymous_19)
FNDA:0,(anonymous_22)
FNDA:4,(anonymous_23)
FNDA:0,(anonymous_24)
FNDA:1,(anonymous_25)
DA:1,1
DA:2,1
DA:6,1
DA:7,5
DA:9,5
DA:11,1
DA:12,1
DA:17,1
DA:18,1
DA:20,2
DA:25,0
DA:32,1
DA:35,2
DA:41,2
DA:42,2
DA:44,2
DA:45,1
DA:48,1
DA:54,1
DA:61,1
DA:64,1
DA:70,1
DA:71,1
DA:73,1
DA:75,0
DA:82,1
DA:85,0
DA:91,0
DA:92,0
DA:94,0
DA:111,0
DA:118,1
DA:121,0
DA:127,0
DA:128,0
DA:130,0
DA:138,0
DA:145,1
DA:146,0
DA:151,0
DA:152,0
DA:154,0
DA:160,0
DA:167,1
DA:168,4
DA:174,1
DA:177,0
DA:179,0
DA:180,0
DA:197,0
DA:200,1
DA:203,1
DA:222,1
LF:53
LH:32
BRDA:44,0,0,1
BRDA:44,0,1,1
BRDA:98,1,0,0
BRDA:98,1,1,0
BRDA:99,2,0,0
BRDA:99,2,1,0
BRDA:99,3,0,0
BRDA:99,3,1,0
BRDA:101,4,0,0
BRDA:101,4,1,0
BRDA:104,5,0,0
BRDA:104,5,1,0
BRDA:107,6,0,0
BRDA:107,6,1,0
BRDA:205,7,0,1
BRDA:205,7,1,0
BRDA:207,8,0,1
BRDA:207,8,1,0
BRDA:208,9,0,0
BRDA:208,9,1,1
BRDA:208,10,0,1
BRDA:208,10,1,1
BRDA:209,11,0,0
BRDA:209,11,1,1
BRDA:209,12,0,1
BRDA:209,12,1,1
BRDA:210,13,0,0
BRDA:210,13,1,1
BRDA:211,14,0,0
BRDA:211,14,1,1
BRDA:211,15,0,1
BRDA:211,15,1,1
BRDA:212,16,0,0
BRDA:212,16,1,1
BRDA:212,17,0,1
BRDA:212,17,1,1
BRDA:213,18,0,0
BRDA:213,18,1,1
BRDA:213,19,0,1
BRDA:213,19,1,1
BRDA:214,20,0,0
BRDA:214,20,1,1
BRDA:214,21,0,1
BRDA:214,21,1,1
BRDA:215,22,0,0
BRDA:215,22,1,1
BRDA:215,23,0,1
BRDA:215,23,1,1
BRDA:216,24,0,0
BRDA:216,24,1,1
BRDA:216,25,0,1
BRDA:216,25,1,1
BRDA:217,26,0,0
BRDA:217,26,1,1
BRDA:217,27,0,1
BRDA:217,27,1,1
BRDA:218,28,0,0
BRDA:218,28,1,1
BRDA:218,29,0,1
BRDA:218,29,1,1
BRDA:219,30,0,1
BRDA:219,30,1,0
BRF:62
BRH:36
end_of_record
TN:
SF:src/models/index.ts
FNF:0
FNH:0
DA:1,0
DA:2,0
DA:3,0
DA:4,0
DA:5,0
DA:6,0
DA:7,0
DA:9,0
DA:10,0
DA:11,0
DA:12,0
DA:13,0
DA:14,0
DA:15,0
LF:14
LH:0
BRF:0
BRH:0
end_of_record
